<?xml version="1.0" encoding="UTF-8"?>
<!-- Generated by org.testng.reporters.JUnitReportReporter -->
<testsuite hostname="Sandras-MacBook-Air.local" failures="0" tests="1" name="com.google.GoogleTest" time="9.347" errors="0" timestamp="05 jun. 2021 14:01:28 GMT" skipped="0">
  <testcase classname="com.google.GoogleTest" name="f" time="9.347"/>
</testsuite> <!-- com.google.GoogleTest -->
